<?xml version="1.0" encoding="UTF-8"?>
<!-- Generated by org.testng.reporters.JUnitXMLReporter -->
<testsuite ignored="0" hostname="Classic" failures="0" tests="4" name="Default test" time="5.819" errors="0" timestamp="2023-02-15T19:39:32 CST">
  <testcase classname="com.qa.PHPTravels.TestLayer.HomePageTest" name="homePageHeaderTest" time="0.023"/>
  <testcase classname="com.qa.PHPTravels.TestLayer.HomePageTest" name="homePageTitleTest" time="0.004"/>
  <testcase classname="com.qa.PHPTravels.TestLayer.HomePageTest" name="isLoginButtonDisplayedTest" time="0.031"/>
  <testcase classname="com.qa.PHPTravels.TestLayer.HomePageTest" name="isSignUpButtonDisplayedTest" time="0.024"/>
</testsuite> <!-- Default test -->
