<?xml version="1.0" encoding="UTF-8"?>
<testng-results ignored="0" total="4" passed="4" failed="0" skipped="0">
  <reporter-output>
  </reporter-output>
  <suite started-at="2023-02-15T19:39:26 CST" name="Default suite" finished-at="2023-02-15T19:39:32 CST" duration-ms="5819">
    <groups>
    </groups>
    <test started-at="2023-02-15T19:39:26 CST" name="Default test" finished-at="2023-02-15T19:39:32 CST" duration-ms="5819">
      <class name="com.qa.PHPTravels.TestLayer.HomePageTest">
        <test-method is-config="true" signature="init()[pri:0, instance:com.qa.PHPTravels.TestLayer.HomePageTest@1ffaf86]" started-at="2023-02-15T19:39:26 CST" name="init" finished-at="2023-02-15T19:39:32 CST" duration-ms="5586" status="PASS">
          <reporter-output>
          </reporter-output>
        </test-method> <!-- init -->
        <test-method signature="homePageHeaderTest()[pri:0, instance:com.qa.PHPTravels.TestLayer.HomePageTest@1ffaf86]" started-at="2023-02-15T19:39:32 CST" name="homePageHeaderTest" finished-at="2023-02-15T19:39:32 CST" duration-ms="23" status="PASS">
          <reporter-output>
          </reporter-output>
        </test-method> <!-- homePageHeaderTest -->
        <test-method signature="homePageTitleTest()[pri:0, instance:com.qa.PHPTravels.TestLayer.HomePageTest@1ffaf86]" started-at="2023-02-15T19:39:32 CST" name="homePageTitleTest" finished-at="2023-02-15T19:39:32 CST" duration-ms="4" status="PASS">
          <reporter-output>
          </reporter-output>
        </test-method> <!-- homePageTitleTest -->
        <test-method signature="isLoginButtonDisplayedTest()[pri:0, instance:com.qa.PHPTravels.TestLayer.HomePageTest@1ffaf86]" started-at="2023-02-15T19:39:32 CST" name="isLoginButtonDisplayedTest" finished-at="2023-02-15T19:39:32 CST" duration-ms="31" status="PASS">
          <reporter-output>
          </reporter-output>
        </test-method> <!-- isLoginButtonDisplayedTest -->
        <test-method signature="isSignUpButtonDisplayedTest()[pri:0, instance:com.qa.PHPTravels.TestLayer.HomePageTest@1ffaf86]" started-at="2023-02-15T19:39:32 CST" name="isSignUpButtonDisplayedTest" finished-at="2023-02-15T19:39:32 CST" duration-ms="24" status="PASS">
          <reporter-output>
          </reporter-output>
        </test-method> <!-- isSignUpButtonDisplayedTest -->
        <test-method is-config="true" signature="tearDown()[pri:0, instance:com.qa.PHPTravels.TestLayer.HomePageTest@1ffaf86]" started-at="2023-02-15T19:39:32 CST" name="tearDown" finished-at="2023-02-15T19:39:32 CST" duration-ms="121" status="PASS">
          <reporter-output>
          </reporter-output>
        </test-method> <!-- tearDown -->
      </class> <!-- com.qa.PHPTravels.TestLayer.HomePageTest -->
    </test> <!-- Default test -->
  </suite> <!-- Default suite -->
</testng-results>
